c:\users\ffior\documents\github\openbblib\customplugins\custompluginsopenbblibrary\custompluginsopenbblibrary\x64\release\vc141.pdb
c:\users\ffior\documents\github\openbblib\customplugins\custompluginsopenbblibrary\custompluginsopenbblibrary\x64\release\footprintnode.obj
c:\users\ffior\documents\github\openbblib\customplugins\custompluginsopenbblibrary\custompluginsopenbblibrary\x64\release\simpleblandshape.obj
c:\users\ffior\documents\github\openbblib\customplugins\custompluginsopenbblibrary\custompluginsopenbblibrary\x64\release\plugin.obj
c:\users\ffior\documents\github\openbblib\customplugins\custompluginsopenbblibrary\custompluginsopenbblibrary\x64\release\basicblendshape.obj
c:\users\ffior\documents\github\openbblib\customplugins\custompluginsopenbblibrary\custompluginsopenbblibrary\x64\release\simpleparentconstraint.obj
c:\users\ffior\documents\github\openbblib\customplugins\custompluginsopenbblibrary\custompluginsopenbblibrary\x64\release\projectmesh.obj
c:\users\ffior\documents\github\openbblib\customplugins\custompluginsopenbblibrary\custompluginsopenbblibrary\x64\release\transformraycast.obj
c:\users\ffior\documents\github\openbblib\customplugins\custompluginsopenbblibrary\custompluginsopenbblibrary\x64\release\arrowlocator.obj
c:\users\ffior\documents\github\openbblib\customplugins\custompluginsopenbblibrary\x64\release\custompluginsopenbblibrary.lib
c:\users\ffior\documents\github\openbblib\customplugins\custompluginsopenbblibrary\x64\release\custompluginsopenbblibrary.exp
c:\users\ffior\documents\github\openbblib\customplugins\custompluginsopenbblibrary\x64\release\custompluginsopenbblibrary.ipdb
c:\users\ffior\documents\github\openbblib\customplugins\custompluginsopenbblibrary\x64\release\custompluginsopenbblibrary.iobj
c:\users\ffior\documents\github\openbblib\customplugins\custompluginsopenbblibrary\x64\release\custompluginsopenbblibrary.mll
c:\users\ffior\documents\github\openbblib\customplugins\custompluginsopenbblibrary\x64\release\custompluginsopenbblibrary.pdb
c:\users\ffior\documents\github\openbblib\customplugins\custompluginsopenbblibrary\custompluginsopenbblibrary\x64\release\circlenode.obj
c:\users\ffior\documents\github\openbblib\customplugins\custompluginsopenbblibrary\custompluginsopenbblibrary\x64\release\custompl.919a9cda.tlog\cl.command.1.tlog
c:\users\ffior\documents\github\openbblib\customplugins\custompluginsopenbblibrary\custompluginsopenbblibrary\x64\release\custompl.919a9cda.tlog\cl.read.1.tlog
c:\users\ffior\documents\github\openbblib\customplugins\custompluginsopenbblibrary\custompluginsopenbblibrary\x64\release\custompl.919a9cda.tlog\cl.write.1.tlog
c:\users\ffior\documents\github\openbblib\customplugins\custompluginsopenbblibrary\custompluginsopenbblibrary\x64\release\custompl.919a9cda.tlog\custompluginsopenbblibrary.write.1u.tlog
c:\users\ffior\documents\github\openbblib\customplugins\custompluginsopenbblibrary\custompluginsopenbblibrary\x64\release\custompl.919a9cda.tlog\link.command.1.tlog
c:\users\ffior\documents\github\openbblib\customplugins\custompluginsopenbblibrary\custompluginsopenbblibrary\x64\release\custompl.919a9cda.tlog\link.read.1.tlog
c:\users\ffior\documents\github\openbblib\customplugins\custompluginsopenbblibrary\custompluginsopenbblibrary\x64\release\custompl.919a9cda.tlog\link.write.1.tlog
